Info    2025-01-02 10:10:26:684  DevID:MV-CA016-10UC(00DA1923283)  Source-Line:libMvUsb3vTL.so(Manager.cpp-L0149)  ProcessName:camera_dirver(641736)     Description:[Init]Current dynamic library path[/opt/MVS/lib/64/libMvUsb3vTL.so]
Info    2025-01-02 10:10:26:684  DevID:MV-CA016-10UC(00DA1923283)  Source-Line:libMvUsb3vTL.so(Manager.cpp-L0151)  ProcessName:camera_dirver(641736)     Description:[Init]U3V_Version: 4.5.0.3, U3V_Description: BaseLine Build 20241126
Info    2025-01-02 10:10:26:684  DevID:MV-CA016-10UC(00DA1923283)  Source-Line:libMvUsb3vTL.so(Manager.cpp-L0795)  ProcessName:camera_dirver(641736)     Description:[ConnectDevice][UpdateUsbDeviceType] Dev SerialNum:[00DA1923283], Type[0] (0-Stand; 1-MasterWithSlaver; 2-justMaster)
Info    2025-01-02 10:10:26:684  DevID:MV-CA016-10UC(00DA1923283)  Source-Line:libMvUsb3vTL.so(DriverLayer.cpp-L1048)  ProcessName:camera_dirver(641736)     Description:[OpenDevice]device speed: [0x4]
Info    2025-01-02 10:10:27:053  DevID:MV-CA016-10UC(00DA1923283)  Source-Line:libMvUsb3vTL.so(DeviceControl.cpp-L0035)  ProcessName:camera_dirver(641736)     Description:[HeartBeat]U3V HeartBeat Start, ThreadId[637519424], CameraType[0]
Info    2025-01-02 10:10:27:053  DevID:MV-CA016-10UC(00DA1923283)  Source-Line:libMvUsb3vTL.so(DriverLayer.cpp-L1527)  ProcessName:camera_dirver(641736)     Description:[RegisterHotPlugCallback]Register hotplug success
Info    2025-01-02 10:10:27:105  DevID:MV-CA016-10UC(00DA1923283)  Source-Line:libMvUsb3vTL.so(DeviceControl.cpp-L1530)  ProcessName:camera_dirver(641736)     Description:[SetTransferSize]Set TransferSize:[1048576] success.
Info    2025-01-02 10:10:27:105  DevID:MV-CA016-10UC(00DA1923283)  Source-Line:libMvUsb3vTL.so(StreamProcess.cpp-L3082)  ProcessName:camera_dirver(641736)     Description:[SetStreamPayloadTimeout]Set StreamPayload Timeout [50]ms
Info    2025-01-02 10:10:27:105  DevID:MV-CA016-10UC(00DA1923283)  Source-Line:libMvUsb3vTL.so(DeviceControl.cpp-L2152)  ProcessName:camera_dirver(641736)     Description:[SetSIControlRegTimeout]Set SIControlReg Timeout:[30]  success.
Info    2025-01-02 10:10:27:196  DevID:MV-CA016-10UC(00DA1923283)  Source-Line:libMvUsb3vTL.so(Manager.cpp-L1169)  ProcessName:camera_dirver(641736)     Description:[StartAcquisition] Have no ExStreamPort
Info    2025-01-02 10:10:27:196  DevID:MV-CA016-10UC(00DA1923283)  Source-Line:libMvUsb3vTL.so(StreamProcess.cpp-L1345)  ProcessName:camera_dirver(641736)     Description:[RecvThread]U3V StreamRecvThread Start, ThreadId[654304832]  USBType[0]
Info    2025-01-02 10:10:27:196  DevID:MV-CA016-10UC(00DA1923283)  Source-Line:libMvUsb3vTL.so(StreamProcess.cpp-L1938)  ProcessName:camera_dirver(641736)     Description:[RecvThreadProcess][RecvThreadProcess] UsbType[0] m_nStreamAsyncParamNum [8] begin running
Info    2025-01-02 10:10:27:244  DevID:MV-CA016-10UC(00DA1923283)  Source-Line:libMvUsb3vTL.so(StreamProcess.cpp-L1378)  ProcessName:camera_dirver(641736)     Description:[Stop]UsbType[0] Stop begin
Info    2025-01-02 10:10:27:249  DevID:MV-CA016-10UC(00DA1923283)  Source-Line:libMvUsb3vTL.so(StreamProcess.cpp-L1946)  ProcessName:camera_dirver(641736)     Description:[RecvThreadProcess]RecvThread process exit,UsbType[0]
Info    2025-01-02 10:10:27:249  DevID:MV-CA016-10UC(00DA1923283)  Source-Line:libMvUsb3vTL.so(StreamProcess.cpp-L1364)  ProcessName:camera_dirver(641736)     Description:[RecvThread]U3V StreamRecvThread End, ThreadId[654304832] USBType[0]
Info    2025-01-02 10:10:27:260  DevID:MV-CA016-10UC(00DA1923283)  Source-Line:libMvUsb3vTL.so(StreamProcess.cpp-L1456)  ProcessName:camera_dirver(641736)     Description:[Stop]UsbType[0] Stop Acquiration process end, GetFrameCount[0], GetFrameCountSucceed[0], ReceivedFrameCount[0], AbnormalFrameCount[0]
Info    2025-01-02 10:10:27:276  DevID:MV-CA016-10UC(00DA1923283)  Source-Line:libMvUsb3vTL.so(DriverLayer.cpp-L1566)  ProcessName:camera_dirver(641736)     Description:[DeregisterHotPlugCallback]Deregister hotplug success
Info    2025-01-02 10:10:27:276  DevID:MV-CA016-10UC(00DA1923283)  Source-Line:libMvUsb3vTL.so(DeviceControl.cpp-L0037)  ProcessName:camera_dirver(641736)     Description:[HeartBeat]U3V HeartBeat End, ThreadId[637519424], CameraType[0]
Info    2025-01-02 10:10:27:976  DevID:MV-CA016-10UC(00DA1923283)  Source-Line:libMvUsb3vTL.so(Manager.cpp-L0149)  ProcessName:camera_dirver(641736)     Description:[Init]Current dynamic library path[/opt/MVS/lib/64/libMvUsb3vTL.so]
Info    2025-01-02 10:10:27:976  DevID:MV-CA016-10UC(00DA1923283)  Source-Line:libMvUsb3vTL.so(Manager.cpp-L0151)  ProcessName:camera_dirver(641736)     Description:[Init]U3V_Version: 4.5.0.3, U3V_Description: BaseLine Build 20241126
Info    2025-01-02 10:10:27:976  DevID:MV-CA016-10UC(00DA1923283)  Source-Line:libMvUsb3vTL.so(Manager.cpp-L0795)  ProcessName:camera_dirver(641736)     Description:[ConnectDevice][UpdateUsbDeviceType] Dev SerialNum:[00DA1923283], Type[0] (0-Stand; 1-MasterWithSlaver; 2-justMaster)
Info    2025-01-02 10:10:27:976  DevID:MV-CA016-10UC(00DA1923283)  Source-Line:libMvUsb3vTL.so(DriverLayer.cpp-L1048)  ProcessName:camera_dirver(641736)     Description:[OpenDevice]device speed: [0x4]
Info    2025-01-02 10:10:28:289  DevID:MV-CA016-10UC(00DA1923283)  Source-Line:libMvUsb3vTL.so(DeviceControl.cpp-L0035)  ProcessName:camera_dirver(641736)     Description:[HeartBeat]U3V HeartBeat Start, ThreadId[645912128], CameraType[0]
Info    2025-01-02 10:10:28:289  DevID:MV-CA016-10UC(00DA1923283)  Source-Line:libMvUsb3vTL.so(DriverLayer.cpp-L1527)  ProcessName:camera_dirver(641736)     Description:[RegisterHotPlugCallback]Register hotplug success
Info    2025-01-02 10:10:28:342  DevID:MV-CA016-10UC(00DA1923283)  Source-Line:libMvUsb3vTL.so(DeviceControl.cpp-L1530)  ProcessName:camera_dirver(641736)     Description:[SetTransferSize]Set TransferSize:[1048576] success.
Info    2025-01-02 10:10:28:342  DevID:MV-CA016-10UC(00DA1923283)  Source-Line:libMvUsb3vTL.so(StreamProcess.cpp-L3082)  ProcessName:camera_dirver(641736)     Description:[SetStreamPayloadTimeout]Set StreamPayload Timeout [50]ms
Info    2025-01-02 10:10:28:342  DevID:MV-CA016-10UC(00DA1923283)  Source-Line:libMvUsb3vTL.so(DeviceControl.cpp-L2152)  ProcessName:camera_dirver(641736)     Description:[SetSIControlRegTimeout]Set SIControlReg Timeout:[30]  success.
Info    2025-01-02 10:10:28:369  DevID:MV-CA016-10UC(00DA1923283)  Source-Line:libMvUsb3vTL.so(Manager.cpp-L1169)  ProcessName:camera_dirver(641736)     Description:[StartAcquisition] Have no ExStreamPort
Info    2025-01-02 10:10:28:369  DevID:MV-CA016-10UC(00DA1923283)  Source-Line:libMvUsb3vTL.so(StreamProcess.cpp-L1345)  ProcessName:camera_dirver(641736)     Description:[RecvThread]U3V StreamRecvThread Start, ThreadId[637519424]  USBType[0]
Info    2025-01-02 10:10:28:369  DevID:MV-CA016-10UC(00DA1923283)  Source-Line:libMvUsb3vTL.so(StreamProcess.cpp-L1938)  ProcessName:camera_dirver(641736)     Description:[RecvThreadProcess][RecvThreadProcess] UsbType[0] m_nStreamAsyncParamNum [8] begin running
Info    2025-01-02 10:10:28:393  DevID:MV-CA016-10UC(00DA1923283)  Source-Line:libMvUsb3vTL.so(StreamProcess.cpp-L1378)  ProcessName:camera_dirver(641736)     Description:[Stop]UsbType[0] Stop begin
Info    2025-01-02 10:10:28:394  DevID:MV-CA016-10UC(00DA1923283)  Source-Line:libMvUsb3vTL.so(StreamProcess.cpp-L1946)  ProcessName:camera_dirver(641736)     Description:[RecvThreadProcess]RecvThread process exit,UsbType[0]
Info    2025-01-02 10:10:28:394  DevID:MV-CA016-10UC(00DA1923283)  Source-Line:libMvUsb3vTL.so(StreamProcess.cpp-L1364)  ProcessName:camera_dirver(641736)     Description:[RecvThread]U3V StreamRecvThread End, ThreadId[637519424] USBType[0]
Info    2025-01-02 10:10:28:401  DevID:MV-CA016-10UC(00DA1923283)  Source-Line:libMvUsb3vTL.so(StreamProcess.cpp-L1456)  ProcessName:camera_dirver(641736)     Description:[Stop]UsbType[0] Stop Acquiration process end, GetFrameCount[0], GetFrameCountSucceed[0], ReceivedFrameCount[0], AbnormalFrameCount[0]
Info    2025-01-02 10:10:28:413  DevID:MV-CA016-10UC(00DA1923283)  Source-Line:libMvUsb3vTL.so(DriverLayer.cpp-L1566)  ProcessName:camera_dirver(641736)     Description:[DeregisterHotPlugCallback]Deregister hotplug success
Info    2025-01-02 10:10:28:413  DevID:MV-CA016-10UC(00DA1923283)  Source-Line:libMvUsb3vTL.so(DeviceControl.cpp-L0037)  ProcessName:camera_dirver(641736)     Description:[HeartBeat]U3V HeartBeat End, ThreadId[645912128], CameraType[0]
Info    2025-01-02 10:10:30:773  DevID:MV-CA016-10UC(00DA1923283)  Source-Line:libMvUsb3vTL.so(Manager.cpp-L0149)  ProcessName:camera_dirver(641736)     Description:[Init]Current dynamic library path[/opt/MVS/lib/64/libMvUsb3vTL.so]
Info    2025-01-02 10:10:30:773  DevID:MV-CA016-10UC(00DA1923283)  Source-Line:libMvUsb3vTL.so(Manager.cpp-L0151)  ProcessName:camera_dirver(641736)     Description:[Init]U3V_Version: 4.5.0.3, U3V_Description: BaseLine Build 20241126
Info    2025-01-02 10:10:30:773  DevID:MV-CA016-10UC(00DA1923283)  Source-Line:libMvUsb3vTL.so(Manager.cpp-L0795)  ProcessName:camera_dirver(641736)     Description:[ConnectDevice][UpdateUsbDeviceType] Dev SerialNum:[00DA1923283], Type[0] (0-Stand; 1-MasterWithSlaver; 2-justMaster)
Info    2025-01-02 10:10:30:773  DevID:MV-CA016-10UC(00DA1923283)  Source-Line:libMvUsb3vTL.so(DriverLayer.cpp-L1048)  ProcessName:camera_dirver(641736)     Description:[OpenDevice]device speed: [0x4]
Info    2025-01-02 10:10:31:122  DevID:MV-CA016-10UC(00DA1923283)  Source-Line:libMvUsb3vTL.so(DeviceControl.cpp-L0035)  ProcessName:camera_dirver(641736)     Description:[HeartBeat]U3V HeartBeat Start, ThreadId[641726016], CameraType[0]
Info    2025-01-02 10:10:31:122  DevID:MV-CA016-10UC(00DA1923283)  Source-Line:libMvUsb3vTL.so(DriverLayer.cpp-L1527)  ProcessName:camera_dirver(641736)     Description:[RegisterHotPlugCallback]Register hotplug success
Info    2025-01-02 10:10:31:177  DevID:MV-CA016-10UC(00DA1923283)  Source-Line:libMvUsb3vTL.so(DeviceControl.cpp-L1530)  ProcessName:camera_dirver(641736)     Description:[SetTransferSize]Set TransferSize:[1048576] success.
Info    2025-01-02 10:10:31:177  DevID:MV-CA016-10UC(00DA1923283)  Source-Line:libMvUsb3vTL.so(StreamProcess.cpp-L3082)  ProcessName:camera_dirver(641736)     Description:[SetStreamPayloadTimeout]Set StreamPayload Timeout [50]ms
Info    2025-01-02 10:10:31:177  DevID:MV-CA016-10UC(00DA1923283)  Source-Line:libMvUsb3vTL.so(DeviceControl.cpp-L2152)  ProcessName:camera_dirver(641736)     Description:[SetSIControlRegTimeout]Set SIControlReg Timeout:[30]  success.
Info    2025-01-02 10:10:31:318  DevID:MV-CA016-10UC(00DA1923283)  Source-Line:libMvUsb3vTL.so(Manager.cpp-L1169)  ProcessName:camera_dirver(641736)     Description:[StartAcquisition] Have no ExStreamPort
Info    2025-01-02 10:10:31:318  DevID:MV-CA016-10UC(00DA1923283)  Source-Line:libMvUsb3vTL.so(StreamProcess.cpp-L1345)  ProcessName:camera_dirver(641736)     Description:[RecvThread]U3V StreamRecvThread Start, ThreadId[658503232]  USBType[0]
Info    2025-01-02 10:10:31:319  DevID:MV-CA016-10UC(00DA1923283)  Source-Line:libMvUsb3vTL.so(StreamProcess.cpp-L1938)  ProcessName:camera_dirver(641736)     Description:[RecvThreadProcess][RecvThreadProcess] UsbType[0] m_nStreamAsyncParamNum [8] begin running
Info    2025-01-02 10:10:31:353  DevID:MV-CA016-10UC(00DA1923283)  Source-Line:libMvUsb3vTL.so(StreamProcess.cpp-L1946)  ProcessName:camera_dirver(641736)     Description:[RecvThreadProcess]RecvThread process exit,UsbType[0]
Info    2025-01-02 10:10:31:353  DevID:MV-CA016-10UC(00DA1923283)  Source-Line:libMvUsb3vTL.so(StreamProcess.cpp-L1364)  ProcessName:camera_dirver(641736)     Description:[RecvThread]U3V StreamRecvThread End, ThreadId[658503232] USBType[0]
Info    2025-01-02 10:10:31:354  DevID:MV-CA016-10UC(00DA1923283)  Source-Line:libMvUsb3vTL.so(StreamProcess.cpp-L1378)  ProcessName:camera_dirver(641736)     Description:[Stop]UsbType[0] Stop begin
Info    2025-01-02 10:10:31:366  DevID:MV-CA016-10UC(00DA1923283)  Source-Line:libMvUsb3vTL.so(StreamProcess.cpp-L1456)  ProcessName:camera_dirver(641736)     Description:[Stop]UsbType[0] Stop Acquiration process end, GetFrameCount[0], GetFrameCountSucceed[0], ReceivedFrameCount[0], AbnormalFrameCount[0]
Info    2025-01-02 10:10:31:382  DevID:MV-CA016-10UC(00DA1923283)  Source-Line:libMvUsb3vTL.so(DriverLayer.cpp-L1566)  ProcessName:camera_dirver(641736)     Description:[DeregisterHotPlugCallback]Deregister hotplug success
Info    2025-01-02 10:10:31:383  DevID:MV-CA016-10UC(00DA1923283)  Source-Line:libMvUsb3vTL.so(DeviceControl.cpp-L0037)  ProcessName:camera_dirver(641736)     Description:[HeartBeat]U3V HeartBeat End, ThreadId[641726016], CameraType[0]
